{"name": "test_b4", "status": "failed", "statusDetails": {"message": "AssertionError: Should be equal\nassert 'Saurav' == 'SAURAV'\n  - SAURAV\n  + Saurav", "trace": "def test_b4():\n>       assert \"Saurav\" == \"SAURAV\", \"Should be equal\"\nE       AssertionError: Should be equal\nE       assert 'Saurav' == 'SAURAV'\nE         - SAURAV\nE         + Saurav\n\nInheri_test.py:32: AssertionError"}, "start": 1650035023307, "stop": 1650035023312, "uuid": "4ecc6ef7-eff1-4f33-a742-28ff5efea118", "historyId": "18d72f4fdbc7119dd32d82a6a9e16a46", "testCaseId": "3eb4921adc52c8ed2a6f6433fc001e1f", "fullName": "Inheri_test#test_b4", "labels": [{"name": "suite", "value": "Inheri_test"}, {"name": "host", "value": "MSDT120"}, {"name": "thread", "value": "19292-MainThread"}, {"name": "framework", "value": "pytest"}, {"name": "language", "value": "cpython3"}, {"name": "package", "value": "Inheri_test"}]}