{"name": "test_1", "status": "failed", "statusDetails": {"message": "AssertionError: assert 20 == 10", "trace": "def test_1():\n        x = 20\n        y = 10\n>       assert x == y\nE       assert 20 == 10\n\ntest_demo_3.py:8: AssertionError"}, "start": 1650035023325, "stop": 1650035023325, "uuid": "bd626258-baca-4d53-9573-9aadf100a87f", "historyId": "604cfa3c22e47455a15ae7002cce997b", "testCaseId": "288665bbd79f5b5cfdbce0a1f2cc65de", "fullName": "test_demo_3#test_1", "labels": [{"name": "suite", "value": "test_demo_3"}, {"name": "host", "value": "MSDT120"}, {"name": "thread", "value": "19292-MainThread"}, {"name": "framework", "value": "pytest"}, {"name": "language", "value": "cpython3"}, {"name": "package", "value": "test_demo_3"}]}